<?xml version="1.0" encoding="UTF-8"?>
<!-- Generated by org.testng.reporters.JUnitReportReporter -->
<testsuite hostname="DESKTOP-92GA5HL" failures="0" tests="1" name="Scenario" time="19.616" errors="0" timestamp="2024-03-09T19:57:58 IST" skipped="0">
  <testcase classname="Scenario" name="flipkart" time="19.616"/>
</testsuite> <!-- Scenario -->
